<?xml version="1.0" encoding="UTF-8"?>
<!-- Generated by org.testng.reporters.JUnitXMLReporter -->
<testsuite ignored="0" hostname="cgvak-lt178" failures="0" tests="1" name="Default test" time="0.03" errors="0" timestamp="26 Dec 2022 03:30:34 GMT">
  <testcase classname="com.org.tester.webtest.App" name="@BeforeTest setupbrowser" time="0.0">
    <failure type="org.testng.TestNGException" message="
Parameter &amp;apos;run&amp;apos; is required by BeforeTest on method setupbrowser but has not been marked @Optional or defined
in C:\Users\cgvak-lt178\AppData\Local\Temp\testng-eclipse-1320653291\testng-customsuite.xml">
      <![CDATA[org.testng.TestNGException: 
Parameter 'run' is required by BeforeTest on method setupbrowser but has not been marked @Optional or defined
in C:\Users\cgvak-lt178\AppData\Local\Temp\testng-eclipse-1320653291\testng-customsuite.xml
at org.testng.internal.Parameters.createParams(Parameters.java:290)
at org.testng.internal.Parameters.createParametersForMethod(Parameters.java:359)
at org.testng.internal.Parameters.createParameters(Parameters.java:620)
at org.testng.internal.Parameters.createConfigurationParameters(Parameters.java:190)
at org.testng.internal.Invoker.invokeConfigurations(Invoker.java:209)
at org.testng.internal.Invoker.invokeConfigurations(Invoker.java:142)
at org.testng.TestRunner.beforeRun(TestRunner.java:529)
at org.testng.TestRunner.run(TestRunner.java:497)
at org.testng.SuiteRunner.runTest(SuiteRunner.java:455)
at org.testng.SuiteRunner.runSequentially(SuiteRunner.java:450)
at org.testng.SuiteRunner.privateRun(SuiteRunner.java:415)
at org.testng.SuiteRunner.run(SuiteRunner.java:364)
at org.testng.SuiteRunnerWorker.runSuite(SuiteRunnerWorker.java:52)
at org.testng.SuiteRunnerWorker.run(SuiteRunnerWorker.java:84)
at org.testng.TestNG.runSuitesSequentially(TestNG.java:1208)
at org.testng.TestNG.runSuitesLocally(TestNG.java:1137)
at org.testng.TestNG.runSuites(TestNG.java:1049)
at org.testng.TestNG.run(TestNG.java:1017)
at org.testng.remote.AbstractRemoteTestNG.run(AbstractRemoteTestNG.java:115)
at org.testng.remote.RemoteTestNG.initAndRun(RemoteTestNG.java:251)
at org.testng.remote.RemoteTestNG.main(RemoteTestNG.java:77)
]]>
    </failure>
  </testcase> <!-- @BeforeTest setupbrowser -->
  <testcase classname="com.org.tester.webtest.App" name="@AfterTest kill" time="0.0">
    <skipped/>
  </testcase> <!-- @AfterTest kill -->
  <testcase classname="com.org.tester.webtest.App" name="fillthepage" time="0.0">
    <skipped/>
  </testcase> <!-- fillthepage -->
</testsuite> <!-- Default test -->
